Inserting name:database-count unit:quantity value:13
ITEM quantity
Inserting name:server-count unit:quantity value:8
ITEM quantity
Inserting name:host-count unit:quantity value:1
ITEM quantity
Inserting name:foreign-cluster-count unit:quantity value:0
ITEM quantity
XXX - is-bootstrapped not found
Inserting name:total-requests unit:quantity value:0
ITEM quantity
Inserting name:request-rate unit:quantity/sec value:0
ITEM quantity/sec
Inserting name:expanded-tree-cache-hits unit:quantity value:0
ITEM quantity
Inserting name:expanded-tree-cache-misses unit:quantity value:0
ITEM quantity
Inserting name:query-count unit:quantity value:0
ITEM quantity
Inserting name:update-count unit:quantity value:0
ITEM quantity
Inserting name:state unit:enum value:available
ITEM enum
XXX - failed-masters not found
XXX - async-replicating not found
XXX - database-replication-active not found
XXX - foreign-forests-lag-exceeded not found
Inserting name:backup-count unit:quantity value:0
ITEM quantity
Inserting name:compressed-tree-cache-miss-rate unit:misses/sec value:0
ITEM misses/sec
Inserting name:compressed-tree-cache-hit-rate unit:hits/sec value:0
ITEM hits/sec
Inserting name:documents unit:quantity value:153
ITEM quantity
Inserting name:list-cache-miss-rate unit:misses/sec value:0
ITEM misses/sec
Inserting name:list-cache-hit-rate unit:hits/sec value:0.119999997318
ITEM hits/sec
Inserting name:load-detail unit:sec/sec value:0
ITEM sec/sec
Inserting name:load-detail unit:sec/sec value:0
ITEM sec/sec
Inserting name:load-detail unit:sec/sec value:0
ITEM sec/sec
Inserting name:load-detail unit:sec/sec value:0
ITEM sec/sec
Inserting name:load-detail unit:sec/sec value:0
ITEM sec/sec
Inserting name:load-detail unit:sec/sec value:0
ITEM sec/sec
Inserting name:load-detail unit:sec/sec value:0
ITEM sec/sec
Inserting name:load-detail unit:sec/sec value:0
ITEM sec/sec
Inserting name:load-detail unit:sec/sec value:0
ITEM sec/sec
Inserting name:load-detail unit:sec/sec value:0
ITEM sec/sec
Inserting name:load-detail unit:sec/sec value:0
ITEM sec/sec
Inserting name:load-detail unit:sec/sec value:0
ITEM sec/sec
Inserting name:load-detail unit:sec/sec value:0
ITEM sec/sec
Inserting name:load-detail unit:sec/sec value:0
ITEM sec/sec
Inserting name:load-detail unit:sec/sec value:0
ITEM sec/sec
Inserting name:load-detail unit:sec/sec value:0
ITEM sec/sec
Inserting name:load-detail unit:sec/sec value:0
ITEM sec/sec
Inserting name:load-detail unit:sec/sec value:0
ITEM sec/sec
Inserting name:rate-detail unit:MB/sec value:0
ITEM MB/sec
Inserting name:rate-detail unit:MB/sec value:0
ITEM MB/sec
Inserting name:rate-detail unit:MB/sec value:0
ITEM MB/sec
Inserting name:rate-detail unit:MB/sec value:0
ITEM MB/sec
Inserting name:rate-detail unit:MB/sec value:0
ITEM MB/sec
Inserting name:rate-detail unit:MB/sec value:0
ITEM MB/sec
Inserting name:rate-detail unit:MB/sec value:0
ITEM MB/sec
Inserting name:rate-detail unit:MB/sec value:0
ITEM MB/sec
Inserting name:rate-detail unit:MB/sec value:0
ITEM MB/sec
Inserting name:rate-detail unit:MB/sec value:0
ITEM MB/sec
Inserting name:rate-detail unit:MB/sec value:0
ITEM MB/sec
Inserting name:rate-detail unit:MB/sec value:0
ITEM MB/sec
Inserting name:rate-detail unit:MB/sec value:0
ITEM MB/sec
Inserting name:rate-detail unit:MB/sec value:0
ITEM MB/sec
Inserting name:rate-detail unit:MB/sec value:0
ITEM MB/sec
Inserting name:rate-detail unit:MB/sec value:0
ITEM MB/sec
Inserting name:merge-count unit:quantity value:0
ITEM quantity
Inserting name:data-size unit:MB value:4
ITEM MB
Inserting name:reindex-count unit:quantity value:0
ITEM quantity
Inserting name:restore-count unit:quantity value:0
ITEM quantity
Inserting name:state-not-open : mfa.marklogic.com unit:quantity value:0
ITEM quantity
Inserting name:max-stands-per-forest : mfa.marklogic.com unit:quantity value:5
ITEM quantity
Inserting name:min-capacity : mfa.marklogic.com unit:% value:98.20768
ITEM %
Inserting name:online : mfa.marklogic.com unit:bool value:True
ITEM bool
Inserting name:compressed-tree-cache-miss-rate : mfa.marklogic.com unit:misses/sec value:0
ITEM misses/sec
Inserting name:compressed-tree-cache-hit-rate : mfa.marklogic.com unit:hits/sec value:0.0399999991059
ITEM hits/sec
Inserting name:list-cache-miss-rate : mfa.marklogic.com unit:misses/sec value:0
ITEM misses/sec
Inserting name:list-cache-hit-rate : mfa.marklogic.com unit:hits/sec value:2.75999999046
ITEM hits/sec
Inserting name:rate-detail unit:MB/sec value:0
ITEM MB/sec
Inserting name:rate-detail unit:MB/sec value:0
ITEM MB/sec
Inserting name:rate-detail unit:MB/sec value:0
ITEM MB/sec
Inserting name:rate-detail unit:MB/sec value:0
ITEM MB/sec
Inserting name:rate-detail unit:MB/sec value:0
ITEM MB/sec
Inserting name:rate-detail unit:MB/sec value:0
ITEM MB/sec
Inserting name:rate-detail unit:MB/sec value:0.00416025519371
ITEM MB/sec
Inserting name:rate-detail unit:MB/sec value:0
ITEM MB/sec
Inserting name:rate-detail unit:MB/sec value:0
ITEM MB/sec
Inserting name:rate-detail unit:MB/sec value:0
ITEM MB/sec
Inserting name:rate-detail unit:MB/sec value:0
ITEM MB/sec
Inserting name:rate-detail unit:MB/sec value:0
ITEM MB/sec
Inserting name:rate-detail unit:MB/sec value:0
ITEM MB/sec
Inserting name:rate-detail unit:MB/sec value:0
ITEM MB/sec
Inserting name:rate-detail unit:MB/sec value:0
ITEM MB/sec
Inserting name:rate-detail unit:MB/sec value:0
ITEM MB/sec
Inserting name:rate-detail unit:MB/sec value:0
ITEM MB/sec
Inserting name:rate-detail unit:MB/sec value:0
ITEM MB/sec
Inserting name:rate-detail unit:MB/sec value:0
ITEM MB/sec
Inserting name:rate-detail unit:MB/sec value:0
ITEM MB/sec
Inserting name:rate-detail unit:MB/sec value:0
ITEM MB/sec
Inserting name:rate-detail unit:MB/sec value:0
ITEM MB/sec
Inserting name:rate-detail unit:MB/sec value:0
ITEM MB/sec
Inserting name:rate-detail unit:MB/sec value:0.0755288824439
ITEM MB/sec
Inserting name:rate-detail unit:MB/sec value:0
ITEM MB/sec
Inserting name:load-detail unit:sec/sec value:0
ITEM sec/sec
Inserting name:load-detail unit:sec/sec value:0
ITEM sec/sec
Inserting name:load-detail unit:sec/sec value:0
ITEM sec/sec
Inserting name:load-detail unit:sec/sec value:0
ITEM sec/sec
Inserting name:load-detail unit:sec/sec value:0
ITEM sec/sec
Inserting name:load-detail unit:sec/sec value:0
ITEM sec/sec
Inserting name:load-detail unit:sec/sec value:0
ITEM sec/sec
Inserting name:load-detail unit:sec/sec value:0
ITEM sec/sec
Inserting name:load-detail unit:sec/sec value:0
ITEM sec/sec
Inserting name:load-detail unit:sec/sec value:0
ITEM sec/sec
Inserting name:load-detail unit:sec/sec value:0
ITEM sec/sec
Inserting name:load-detail unit:sec/sec value:0
ITEM sec/sec
Inserting name:load-detail unit:sec/sec value:0
ITEM sec/sec
Inserting name:load-detail unit:sec/sec value:0
ITEM sec/sec
Inserting name:load-detail unit:sec/sec value:0
ITEM sec/sec
Inserting name:load-detail unit:sec/sec value:0
ITEM sec/sec
Inserting name:load-detail unit:sec/sec value:0
ITEM sec/sec
Inserting name:load-detail unit:sec/sec value:0
ITEM sec/sec
Inserting name:load-detail unit:sec/sec value:0
ITEM sec/sec
Inserting name:load-detail unit:sec/sec value:0
ITEM sec/sec
Inserting name:load-detail unit:sec/sec value:0.00383724505082
ITEM sec/sec
Inserting name:load-detail unit:sec/sec value:0
ITEM sec/sec
Inserting name:load-detail unit:sec/sec value:0
ITEM sec/sec
Inserting name:load-detail unit:sec/sec value:0
ITEM sec/sec
Inserting name:load-detail unit:sec/sec value:0
ITEM sec/sec
